app/build/intermediates/manifest_merge_blame_file/debug/manifest-merger-blame-debug-report.txt
1<?xml version="1.0" encoding="utf-8"?>
2<manifest xmlns:android="http://schemas.android.com/apk/res/android"
3    package="com.vaporstream.android_codetest"
4    android:versionCode="1"
5    android:versionName="1.0" >
6
7    <uses-sdk
8        android:minSdkVersion="21"
8-->src\main\AndroidManifest.xml
9        android:targetSdkVersion="30" />
9-->src\main\AndroidManifest.xml
10
11    <uses-permission android:name="android.permission.INTERNET" />
11-->src\main\AndroidManifest.xml:7:5-67
11-->src\main\AndroidManifest.xml:7:22-64
12
13    <application
13-->src\main\AndroidManifest.xml:9:5-28:19
14        android:name="com.vaporstream.android_codetest.MyApplication"
14-->src\main\AndroidManifest.xml:10:9-38
15        android:allowBackup="true"
15-->src\main\AndroidManifest.xml:11:9-35
16        android:appComponentFactory="androidx.core.app.CoreComponentFactory"
16-->[androidx.core:core:1.6.0-beta02] AndroidManifest.xml:24:18-86
17        android:debuggable="true"
18        android:icon="@mipmap/ic_launcher"
18-->src\main\AndroidManifest.xml:12:9-43
19        android:label="@string/app_name"
19-->src\main\AndroidManifest.xml:13:9-41
20        android:roundIcon="@mipmap/ic_launcher_round"
20-->src\main\AndroidManifest.xml:14:9-54
21        android:supportsRtl="true"
21-->src\main\AndroidManifest.xml:15:9-35
22        android:testOnly="true"
23        android:theme="@style/AppTheme" >
23-->src\main\AndroidManifest.xml:16:9-40
24        <activity android:name="com.vaporstream.android_codetest.view.main.MainActivity" >
24-->src\main\AndroidManifest.xml:19:9-24:20
24-->src\main\AndroidManifest.xml:19:19-89
25            <intent-filter>
25-->src\main\AndroidManifest.xml:20:13-23:29
26                <action android:name="android.intent.action.MAIN" />
26-->src\main\AndroidManifest.xml:21:17-69
26-->src\main\AndroidManifest.xml:21:25-66
27
28                <category android:name="android.intent.category.LAUNCHER" />
28-->src\main\AndroidManifest.xml:22:17-77
28-->src\main\AndroidManifest.xml:22:27-74
29            </intent-filter>
30        </activity>
31        <activity android:name="com.vaporstream.android_codetest.view.results.ResultsActivity" />
31-->src\main\AndroidManifest.xml:26:9-98
31-->src\main\AndroidManifest.xml:26:19-95
32
33        <provider
33-->[androidx.lifecycle:lifecycle-process:2.2.0] AndroidManifest.xml:25:9-29:43
34            android:name="androidx.lifecycle.ProcessLifecycleOwnerInitializer"
34-->[androidx.lifecycle:lifecycle-process:2.2.0] AndroidManifest.xml:26:13-79
35            android:authorities="com.vaporstream.android_codetest.lifecycle-process"
35-->[androidx.lifecycle:lifecycle-process:2.2.0] AndroidManifest.xml:27:13-69
36            android:exported="false"
36-->[androidx.lifecycle:lifecycle-process:2.2.0] AndroidManifest.xml:28:13-37
37            android:multiprocess="true" />
37-->[androidx.lifecycle:lifecycle-process:2.2.0] AndroidManifest.xml:29:13-40
38
39        <service
39-->[androidx.room:room-runtime:2.3.0] AndroidManifest.xml:25:9-28:40
40            android:name="androidx.room.MultiInstanceInvalidationService"
40-->[androidx.room:room-runtime:2.3.0] AndroidManifest.xml:26:13-74
41            android:directBootAware="true"
41-->[androidx.room:room-runtime:2.3.0] AndroidManifest.xml:27:13-43
42            android:exported="false" />
42-->[androidx.room:room-runtime:2.3.0] AndroidManifest.xml:28:13-37
43    </application>
44
45</manifest>